#
# There is insufficient memory for the Java Runtime Environment to continue.
# Native memory allocation (malloc) failed to allocate 715849728 bytes for committing reserved memory.
# Possible reasons:
#   The system is out of physical RAM or swap space
#   In 32 bit mode, the process size limit was hit
# Possible solutions:
#   Reduce memory load on the system
#   Increase physical memory or swap space
#   Check if swap backing store is full
#   Use 64 bit Java on a 64 bit OS
#   Decrease Java heap size (-Xmx/-Xms)
#   Decrease number of Java threads
#   Decrease Java thread stack sizes (-Xss)
#   Set larger code cache with -XX:ReservedCodeCacheSize=
# This output file may be truncated or incomplete.
#
#  Out of Memory Error (os_linux.cpp:2726), pid=885, tid=140569428702976
#
# JRE version:  (7.0_51-b13) (build )
# Java VM: Java HotSpot(TM) 64-Bit Server VM (24.51-b03 mixed mode linux-amd64 compressed oops)
# Failed to write core dump. Core dumps have been disabled. To enable core dumping, try "ulimit -c unlimited" before starting Java again
#

---------------  T H R E A D  ---------------

Current thread (0x00007fd8d8008800):  JavaThread "Unknown thread" [_thread_in_vm, id=904, stack(0x00007fd8decd3000,0x00007fd8dedd4000)]

Stack: [0x00007fd8decd3000,0x00007fd8dedd4000],  sp=0x00007fd8dedd22b0,  free space=1020k
Native frames: (J=compiled Java code, j=interpreted, Vv=VM code, C=native code)
V  [libjvm.so+0x992f4a]  VMError::report_and_die()+0x2ea
V  [libjvm.so+0x4931ab]  report_vm_out_of_memory(char const*, int, unsigned long, char const*)+0x9b
V  [libjvm.so+0x81338e]  os::Linux::commit_memory_impl(char*, unsigned long, bool)+0xfe
V  [libjvm.so+0x81383f]  os::Linux::commit_memory_impl(char*, unsigned long, unsigned long, bool)+0x4f
V  [libjvm.so+0x813a2c]  os::pd_commit_memory(char*, unsigned long, unsigned long, bool)+0xc
V  [libjvm.so+0x80daea]  os::commit_memory(char*, unsigned long, unsigned long, bool)+0x2a
V  [libjvm.so+0x98e849]  VirtualSpace::expand_by(unsigned long, bool)+0x1c9
V  [libjvm.so+0x98e9cd]  VirtualSpace::initialize(ReservedSpace, unsigned long)+0xcd
V  [libjvm.so+0x57226f]  CardGeneration::CardGeneration(ReservedSpace, unsigned long, int, GenRemSet*)+0x11f
V  [libjvm.so+0x9449d3]  TenuredGeneration::TenuredGeneration(ReservedSpace, unsigned long, int, GenRemSet*)+0x83
V  [libjvm.so+0x5737fd]  GenerationSpec::init(ReservedSpace, int, GenRemSet*)+0x3bd
V  [libjvm.so+0x563cac]  GenCollectedHeap::initialize()+0x33c
V  [libjvm.so+0x9664ca]  Universe::initialize_heap()+0xca
V  [libjvm.so+0x967699]  universe_init()+0x79
V  [libjvm.so+0x5a9625]  init_globals()+0x65
V  [libjvm.so+0x94ef8d]  Threads::create_vm(JavaVMInitArgs*, bool*)+0x1ed
V  [libjvm.so+0x6307e4]  JNI_CreateJavaVM+0x74
C  [libjli.so+0x2f8e]  JavaMain+0x9e


---------------  P R O C E S S  ---------------

Java Threads: ( => current thread )

Other Threads:

=>0x00007fd8d8008800 (exited) JavaThread "Unknown thread" [_thread_in_vm, id=904, stack(0x00007fd8decd3000,0x00007fd8dedd4000)]

VM state:not at safepoint (not fully initialized)

VM Mutex/Monitor currently owned by a thread: None

GC Heap History (0 events):
No events

Deoptimization events (0 events):
No events

Internal exceptions (0 events):
No events

Events (0 events):
No events


Dynamic libraries:
00400000-00401000 r-xp 00000000 00:41 187                                /usr/java/jdk1.7.0_51/bin/java
00600000-00601000 rw-p 00000000 00:41 187                                /usr/java/jdk1.7.0_51/bin/java
01689000-016aa000 rw-p 00000000 00:00 0                                  [heap]
b0000000-c5550000 rw-p 00000000 00:00 0 
f0000000-100000000 rw-p 00000000 00:00 0 
7fd8d5000000-7fd8d5270000 rwxp 00000000 00:00 0 
7fd8d5270000-7fd8d8025000 rw-p 00000000 00:00 0 
7fd8d8025000-7fd8dc000000 ---p 00000000 00:00 0 
7fd8dc1da000-7fd8dc4ca000 rw-p 00000000 00:00 0 
7fd8dc4ca000-7fd8dc69f000 rw-p 00000000 00:00 0 
7fd8dc69f000-7fd8dc6a0000 rw-p 00000000 00:00 0 
7fd8dc6a0000-7fd8dc6ba000 r-xp 00000000 00:41 400                        /usr/java/jdk1.7.0_51/jre/lib/amd64/libzip.so
7fd8dc6ba000-7fd8dc8ba000 ---p 0001a000 00:41 400                        /usr/java/jdk1.7.0_51/jre/lib/amd64/libzip.so
7fd8dc8ba000-7fd8dc8bb000 rw-p 0001a000 00:41 400                        /usr/java/jdk1.7.0_51/jre/lib/amd64/libzip.so
7fd8dc8bb000-7fd8dc8c7000 r-xp 00000000 00:41 38                         /lib64/libnss_files-2.12.so
7fd8dc8c7000-7fd8dcac7000 ---p 0000c000 00:41 38                         /lib64/libnss_files-2.12.so
7fd8dcac7000-7fd8dcac8000 r--p 0000c000 00:41 38                         /lib64/libnss_files-2.12.so
7fd8dcac8000-7fd8dcac9000 rw-p 0000d000 00:41 38                         /lib64/libnss_files-2.12.so
7fd8dcac9000-7fd8dcaf2000 r-xp 00000000 00:41 195                        /usr/java/jdk1.7.0_51/jre/lib/amd64/libjava.so
7fd8dcaf2000-7fd8dccf2000 ---p 00029000 00:41 195                        /usr/java/jdk1.7.0_51/jre/lib/amd64/libjava.so
7fd8dccf2000-7fd8dccf4000 rw-p 00029000 00:41 195                        /usr/java/jdk1.7.0_51/jre/lib/amd64/libjava.so
7fd8dccf4000-7fd8dcd01000 r-xp 00000000 00:41 392                        /usr/java/jdk1.7.0_51/jre/lib/amd64/libverify.so
7fd8dcd01000-7fd8dcf00000 ---p 0000d000 00:41 392                        /usr/java/jdk1.7.0_51/jre/lib/amd64/libverify.so
7fd8dcf00000-7fd8dcf02000 rw-p 0000c000 00:41 392                        /usr/java/jdk1.7.0_51/jre/lib/amd64/libverify.so
7fd8dcf02000-7fd8dcf09000 r-xp 00000000 00:41 75                         /lib64/librt-2.12.so
7fd8dcf09000-7fd8dd108000 ---p 00007000 00:41 75                         /lib64/librt-2.12.so
7fd8dd108000-7fd8dd109000 r--p 00006000 00:41 75                         /lib64/librt-2.12.so
7fd8dd109000-7fd8dd10a000 rw-p 00007000 00:41 75                         /lib64/librt-2.12.so
7fd8dd10a000-7fd8dd18d000 r-xp 00000000 00:41 200                        /lib64/libm-2.12.so
7fd8dd18d000-7fd8dd38c000 ---p 00083000 00:41 200                        /lib64/libm-2.12.so
7fd8dd38c000-7fd8dd38d000 r--p 00082000 00:41 200                        /lib64/libm-2.12.so
7fd8dd38d000-7fd8dd38e000 rw-p 00083000 00:41 200                        /lib64/libm-2.12.so
7fd8dd38e000-7fd8ddef0000 r-xp 00000000 00:41 198                        /usr/java/jdk1.7.0_51/jre/lib/amd64/server/libjvm.so
7fd8ddef0000-7fd8de0f0000 ---p 00b62000 00:41 198                        /usr/java/jdk1.7.0_51/jre/lib/amd64/server/libjvm.so
7fd8de0f0000-7fd8de1b3000 rw-p 00b62000 00:41 198                        /usr/java/jdk1.7.0_51/jre/lib/amd64/server/libjvm.so
7fd8de1b3000-7fd8de1f4000 rw-p 00000000 00:00 0 
7fd8de1f4000-7fd8de37f000 r-xp 00000000 00:41 33                         /lib64/libc-2.12.so
7fd8de37f000-7fd8de57e000 ---p 0018b000 00:41 33                         /lib64/libc-2.12.so
7fd8de57e000-7fd8de582000 r--p 0018a000 00:41 33                         /lib64/libc-2.12.so
7fd8de582000-7fd8de583000 rw-p 0018e000 00:41 33                         /lib64/libc-2.12.so
7fd8de583000-7fd8de588000 rw-p 00000000 00:00 0 
7fd8de588000-7fd8de58a000 r-xp 00000000 00:41 31                         /lib64/libdl-2.12.so
7fd8de58a000-7fd8de78a000 ---p 00002000 00:41 31                         /lib64/libdl-2.12.so
7fd8de78a000-7fd8de78b000 r--p 00002000 00:41 31                         /lib64/libdl-2.12.so
7fd8de78b000-7fd8de78c000 rw-p 00003000 00:41 31                         /lib64/libdl-2.12.so
7fd8de78c000-7fd8de7a2000 r-xp 00000000 00:41 191                        /usr/java/jdk1.7.0_51/lib/amd64/jli/libjli.so
7fd8de7a2000-7fd8de9a2000 ---p 00016000 00:41 191                        /usr/java/jdk1.7.0_51/lib/amd64/jli/libjli.so
7fd8de9a2000-7fd8de9a3000 rw-p 00016000 00:41 191                        /usr/java/jdk1.7.0_51/lib/amd64/jli/libjli.so
7fd8de9a3000-7fd8de9ba000 r-xp 00000000 00:41 81                         /lib64/libpthread-2.12.so
7fd8de9ba000-7fd8debba000 ---p 00017000 00:41 81                         /lib64/libpthread-2.12.so
7fd8debba000-7fd8debbb000 r--p 00017000 00:41 81                         /lib64/libpthread-2.12.so
7fd8debbb000-7fd8debbc000 rw-p 00018000 00:41 81                         /lib64/libpthread-2.12.so
7fd8debbc000-7fd8debc0000 rw-p 00000000 00:00 0 
7fd8debc0000-7fd8debe0000 r-xp 00000000 00:41 26                         /lib64/ld-2.12.so
7fd8dec0b000-7fd8dec15000 rw-p 00000000 00:00 0 
7fd8dec15000-7fd8deccb000 rw-p 00000000 00:00 0 
7fd8deccb000-7fd8decd3000 rw-s 00000000 00:41 1318                       /tmp/hsperfdata_root/885
7fd8decd3000-7fd8decd6000 ---p 00000000 00:00 0 
7fd8decd6000-7fd8dedd8000 rw-p 00000000 00:00 0 
7fd8dedda000-7fd8deddd000 rw-p 00000000 00:00 0 
7fd8deddd000-7fd8dedde000 r--p 00000000 00:00 0 
7fd8dedde000-7fd8deddf000 rw-p 00000000 00:00 0 
7fd8deddf000-7fd8dede0000 r--p 0001f000 00:41 26                         /lib64/ld-2.12.so
7fd8dede0000-7fd8dede1000 rw-p 00020000 00:41 26                         /lib64/ld-2.12.so
7fd8dede1000-7fd8dede2000 rw-p 00000000 00:00 0 
7ffffac54000-7ffffac75000 rw-p 00000000 00:00 0                          [stack]
7ffffadb6000-7ffffadb8000 r--p 00000000 00:00 0                          [vvar]
7ffffadb8000-7ffffadba000 r-xp 00000000 00:00 0                          [vdso]
ffffffffff600000-ffffffffff601000 r-xp 00000000 00:00 0                  [vsyscall]

VM Arguments:
jvm_args: -Xms1g -Xmx1g -Dlog4j.configuration=file:///app/log4j.properties -XX:MaxPermSize=256m 
java_command: org.apache.spark.deploy.SparkSubmit --master yarn-client --conf spark.driver.extraJavaOptions=-Dlog4j.configuration=file:///app/log4j.properties --class spark.examples.StreamIt app/streaming_data_2.11-1.0.jar kafka:9092 world-count
Launcher Type: SUN_STANDARD

Environment Variables:
JAVA_HOME=/usr/java/default
PATH=/usr/local/sbin:/usr/local/bin:/usr/sbin:/usr/bin:/sbin:/bin:/usr/java/default/bin:/usr/local/spark/bin:/usr/local/hadoop/bin

Signal Handlers:
SIGSEGV: [libjvm.so+0x993870], sa_mask[0]=0x7ffbfeff, sa_flags=0x10000004
SIGBUS: [libjvm.so+0x993870], sa_mask[0]=0x7ffbfeff, sa_flags=0x10000004
SIGFPE: [libjvm.so+0x8105b0], sa_mask[0]=0x7ffbfeff, sa_flags=0x10000004
SIGPIPE: [libjvm.so+0x8105b0], sa_mask[0]=0x7ffbfeff, sa_flags=0x10000004
SIGXFSZ: [libjvm.so+0x8105b0], sa_mask[0]=0x7ffbfeff, sa_flags=0x10000004
SIGILL: [libjvm.so+0x8105b0], sa_mask[0]=0x7ffbfeff, sa_flags=0x10000004
SIGUSR1: SIG_DFL, sa_mask[0]=0x00000000, sa_flags=0x00000000
SIGUSR2: [libjvm.so+0x811aa0], sa_mask[0]=0x00000000, sa_flags=0x10000004
SIGHUP: SIG_DFL, sa_mask[0]=0x00000000, sa_flags=0x00000000
SIGINT: SIG_DFL, sa_mask[0]=0x00000000, sa_flags=0x00000000
SIGTERM: SIG_DFL, sa_mask[0]=0x00000000, sa_flags=0x00000000
SIGQUIT: SIG_DFL, sa_mask[0]=0x00000000, sa_flags=0x00000000


---------------  S Y S T E M  ---------------

OS:CentOS release 6.5 (Final)

uname:Linux 4.4.27-boot2docker #1 SMP Tue Oct 25 19:51:49 UTC 2016 x86_64
libc:glibc 2.12 NPTL 2.12 
rlimit: STACK 8192k, CORE 0k, NPROC 1048576, NOFILE 1048576, AS infinity
load average:0.15 0.25 0.25

/proc/meminfo:
MemTotal:        2050300 kB
MemFree:           96036 kB
MemAvailable:      84040 kB
Buffers:            2288 kB
Cached:            79064 kB
SwapCached:         8216 kB
Active:           866984 kB
Inactive:         855640 kB
Active(anon):     836528 kB
Inactive(anon):   824124 kB
Active(file):      30456 kB
Inactive(file):    31516 kB
Unevictable:           0 kB
Mlocked:               0 kB
SwapTotal:       1443116 kB
SwapFree:         412980 kB
Dirty:               524 kB
Writeback:             0 kB
AnonPages:       1633844 kB
Mapped:            35668 kB
Shmem:             19400 kB
Slab:              65516 kB
SReclaimable:      26656 kB
SUnreclaim:        38860 kB
KernelStack:       28224 kB
PageTables:        14536 kB
NFS_Unstable:          0 kB
Bounce:                0 kB
WritebackTmp:          0 kB
CommitLimit:     2468264 kB
Committed_AS:    6586636 kB
VmallocTotal:   34359738367 kB
VmallocUsed:           0 kB
VmallocChunk:          0 kB
AnonHugePages:   1013760 kB
HugePages_Total:       0
HugePages_Free:        0
HugePages_Rsvd:        0
HugePages_Surp:        0
Hugepagesize:       2048 kB
DirectMap4k:       98240 kB
DirectMap2M:     1998848 kB


CPU:total 1 (1 cores per cpu, 1 threads per core) family 6 model 61 stepping 4, cmov, cx8, fxsr, mmx, sse, sse2, sse3, ssse3, sse4.1, sse4.2, popcnt, avx, aes, tsc, tscinvbit

/proc/cpuinfo:
processor	: 0
vendor_id	: GenuineIntel
cpu family	: 6
model		: 61
model name	: Intel(R) Core(TM) i5-5257U CPU @ 2.70GHz
stepping	: 4
cpu MHz		: 2699.998
cache size	: 3072 KB
physical id	: 0
siblings	: 1
core id		: 0
cpu cores	: 1
apicid		: 0
initial apicid	: 0
fpu		: yes
fpu_exception	: yes
cpuid level	: 20
wp		: yes
flags		: fpu vme de pse tsc msr pae mce cx8 apic sep mtrr pge mca cmov pat pse36 clflush mmx fxsr sse sse2 syscall nx rdtscp lm constant_tsc rep_good nopl xtopology nonstop_tsc pni pclmulqdq monitor ssse3 cx16 sse4_1 sse4_2 movbe popcnt aes xsave avx rdrand hypervisor lahf_lm abm 3dnowprefetch rdseed
bugs		:
bogomips	: 5399.99
clflush size	: 64
cache_alignment	: 64
address sizes	: 39 bits physical, 48 bits virtual
power management:



Memory: 4k page, physical 2050300k(96036k free), swap 1443116k(412980k free)

vm_info: Java HotSpot(TM) 64-Bit Server VM (24.51-b03) for linux-amd64 JRE (1.7.0_51-b13), built on Dec 18 2013 18:48:01 by "java_re" with gcc 4.3.0 20080428 (Red Hat 4.3.0-8)

time: Sat Nov 12 21:41:00 2016
elapsed time: 0 seconds

